\BOOKMARK [0][-]{part.1}{\376\377\000I\000\040\000T\000a\000s\000k\000\040\0001\000\040\040\024\000\040\000J\000a\000p\000a\000n\000\040\000i\000m\000m\000i\000g\000r\000a\000t\000i\000o\000n\000\040\000d\000a\000s\000h\000b\000o\000a\000r\000d}{}% 1
\BOOKMARK [1][-]{section.1}{\376\377\000W\000h\000a\000t\000\040\000w\000e\000\040\000d\000i\000d\000\040\000\050\000o\000v\000e\000r\000v\000i\000e\000w\000\051}{part.1}% 2
\BOOKMARK [2][-]{subsection.1.1}{\376\377\000T\000a\000s\000k\000\040\000A\000\040\040\024\000\040\000I\000n\000t\000e\000r\000a\000c\000t\000i\000v\000e\000\040\000d\000a\000s\000h\000b\000o\000a\000r\000d}{section.1}% 3
\BOOKMARK [2][-]{subsection.1.2}{\376\377\000T\000a\000s\000k\000\040\000B\000\040\040\024\000\040\000G\000e\000s\000t\000a\000l\000t\000\040\000\046\000\040\000B\000e\000r\000t\000i\000n\000\040\000a\000n\000a\000l\000y\000s\000i\000s}{section.1}% 4
\BOOKMARK [1][-]{section.2}{\376\377\000D\000a\000s\000h\000b\000o\000a\000r\000d\000\040\000s\000c\000r\000e\000e\000n\000s\000h\000o\000t\000\040\000\050\000b\000e\000f\000o\000r\000e\000\040\000p\000r\000i\000n\000c\000i\000p\000l\000e\000s\000-\000b\000a\000s\000e\000d\000\040\000r\000e\000v\000i\000s\000i\000o\000n\000\051}{part.1}% 5
\BOOKMARK [1][-]{section.3}{\376\377\000G\000e\000s\000t\000a\000l\000t\000\040\000a\000n\000d\000\040\000B\000e\000r\000t\000i\000n\000\040\000a\000n\000a\000l\000y\000s\000i\000s\000\040\000\050\000b\000a\000s\000e\000l\000i\000n\000e\000\040\040\024\000\040\000b\000e\000f\000o\000r\000e\000\040\000r\000e\000v\000i\000s\000i\000o\000n\000\051}{part.1}% 6
\BOOKMARK [2][-]{subsection.3.1}{\376\377\000G\000e\000s\000t\000a\000l\000t\000\040\040\024\000\040\000s\000t\000r\000e\000n\000g\000t\000h\000s}{section.3}% 7
\BOOKMARK [2][-]{subsection.3.2}{\376\377\000G\000e\000s\000t\000a\000l\000t\000\040\040\024\000\040\000w\000e\000a\000k\000n\000e\000s\000s\000e\000s}{section.3}% 8
\BOOKMARK [2][-]{subsection.3.3}{\376\377\000B\000e\000r\000t\000i\000n\000\040\040\024\000\040\000s\000t\000r\000e\000n\000g\000t\000h\000s}{section.3}% 9
\BOOKMARK [2][-]{subsection.3.4}{\376\377\000B\000e\000r\000t\000i\000n\000\040\040\024\000\040\000w\000e\000a\000k\000n\000e\000s\000s\000e\000s}{section.3}% 10
\BOOKMARK [2][-]{subsection.3.5}{\376\377\000S\000u\000m\000m\000a\000r\000y\000\040\000\050\000p\000r\000e\000-\000r\000e\000v\000i\000s\000i\000o\000n\000\051}{section.3}% 11
\BOOKMARK [1][-]{section.4}{\376\377\000P\000r\000i\000n\000c\000i\000p\000l\000e\000s\000-\000b\000a\000s\000e\000d\000\040\000r\000e\000v\000i\000s\000i\000o\000n\000s\000\040\000\050\000w\000h\000a\000t\000\040\000w\000e\000\040\000i\000m\000p\000l\000e\000m\000e\000n\000t\000e\000d\000\051}{part.1}% 12
\BOOKMARK [1][-]{section.5}{\376\377\000D\000a\000s\000h\000b\000o\000a\000r\000d\000\040\000s\000c\000r\000e\000e\000n\000s\000h\000o\000t\000\040\000\050\000a\000f\000t\000e\000r\000\040\000r\000e\000v\000i\000s\000i\000o\000n\000\051}{part.1}% 13
\BOOKMARK [1][-]{section.6}{\376\377\000W\000h\000a\000t\000\040\000i\000s\000\040\000b\000e\000t\000t\000e\000r\000\040\000a\000f\000t\000e\000r\000\040\000p\000r\000i\000n\000c\000i\000p\000l\000e\000s\000\040\000i\000n\000t\000e\000g\000r\000a\000t\000i\000o\000n\000\040\000a\000n\000d\000\040\000r\000e\000v\000i\000s\000i\000o\000n\000?}{part.1}% 14
\BOOKMARK [2][-]{subsection.6.1}{\376\377\000U\000s\000e\000r\000-\000v\000i\000s\000i\000b\000l\000e\000\040\000i\000m\000p\000r\000o\000v\000e\000m\000e\000n\000t\000s\000\040\000\050\000b\000e\000n\000e\000f\000i\000t\000s\000\051}{section.6}% 15
\BOOKMARK [2][-]{subsection.6.2}{\376\377\000M\000a\000p\000p\000i\000n\000g\000\040\000p\000r\000i\000n\000c\000i\000p\000l\000e\000s\000\040\000t\000o\000\040\000o\000u\000t\000c\000o\000m\000e\000s}{section.6}% 16
\BOOKMARK [1][-]{section.7}{\376\377\000C\000o\000n\000c\000l\000u\000s\000i\000o\000n\000\040\000\050\000T\000a\000s\000k\000\040\0001\000\051}{part.1}% 17
\BOOKMARK [0][-]{part.2}{\376\377\000I\000I\000\040\000T\000a\000s\000k\000\040\0002\000\040\040\024\000\040\000W\000h\000o\000o\000p\000-\000s\000t\000y\000l\000e\000\040\000f\000i\000t\000n\000e\000s\000s\000\040\000d\000a\000t\000a\000s\000e\000t}{}% 18
\BOOKMARK [1][-]{section.8}{\376\377\000T\000a\000s\000k\000\040\0002\000\040\000P\000a\000r\000t\000\040\000A\000:\000\040\000A\000n\000a\000l\000y\000s\000i\000s\000\040\000o\000f\000\040\000t\000h\000e\000\040\000W\000h\000o\000o\000p\000\040\000h\000e\000a\000l\000t\000h\000\040\000d\000a\000t\000a\000s\000e\000t\000\040\000\050\000f\000o\000r\000\040\000a\000\040\000m\000o\000b\000i\000l\000e\000\040\000a\000p\000p\000\051}{part.2}% 19
\BOOKMARK [2][-]{subsection.8.1}{\376\377\000W\000h\000a\000t\000\040\000t\000h\000e\000\040\000d\000a\000t\000a\000s\000e\000t\000\040\000c\000o\000n\000t\000a\000i\000n\000s\000\040\000\050\000b\000i\000g\000\040\000p\000i\000c\000t\000u\000r\000e\000\051}{section.8}% 20
\BOOKMARK [2][-]{subsection.8.2}{\376\377\000C\000o\000l\000u\000m\000n\000\040\000g\000r\000o\000u\000p\000s\000\040\000\050\000s\000i\000m\000p\000l\000e\000\040\000o\000v\000e\000r\000v\000i\000e\000w\000\051}{section.8}% 21
\BOOKMARK [2][-]{subsection.8.3}{\376\377\000W\000h\000i\000c\000h\000\040\000a\000t\000t\000r\000i\000b\000u\000t\000e\000s\000\040\000a\000r\000e\000\040\000m\000o\000s\000t\000\040\000u\000s\000e\000f\000u\000l\000\040\000i\000n\000\040\000a\000\040\000m\000o\000b\000i\000l\000e\000\040\000a\000p\000p\000\040\000\050\000a\000n\000d\000\040\000w\000h\000y\000\051}{section.8}% 22
\BOOKMARK [2][-]{subsection.8.4}{\376\377\000A\000t\000t\000r\000i\000b\000u\000t\000e\000s\000\040\000t\000h\000a\000t\000\040\000a\000r\000e\000\040\000l\000e\000s\000s\000\040\000c\000r\000i\000t\000i\000c\000a\000l\000\040\000o\000n\000\040\000t\000h\000e\000\040\000p\000h\000o\000n\000e\000\040\000\050\000o\000r\000\040\000n\000e\000e\000d\000\040\000s\000i\000m\000p\000l\000i\000f\000i\000c\000a\000t\000i\000o\000n\000\051}{section.8}% 23
\BOOKMARK [2][-]{subsection.8.5}{\376\377\000T\000h\000i\000n\000g\000s\000\040\000t\000o\000\040\000b\000e\000\040\000c\000a\000r\000e\000f\000u\000l\000\040\000a\000b\000o\000u\000t\000\040\000\050\000s\000t\000u\000d\000e\000n\000t\000-\000l\000e\000v\000e\000l\000\040\000n\000o\000t\000e\000s\000\051}{section.8}% 24
\BOOKMARK [2][-]{subsection.8.6}{\376\377\000S\000h\000o\000r\000t\000\040\000s\000u\000m\000m\000a\000r\000y}{section.8}% 25
\BOOKMARK [1][-]{section.9}{\376\377\000T\000a\000s\000k\000\040\0002\000\040\000P\000a\000r\000t\000\040\000B\000:\000\040\000M\000o\000b\000i\000l\000e\000\040\000d\000a\000s\000h\000b\000o\000a\000r\000d\000\040\000s\000k\000e\000t\000c\000h\000e\000s\000\040\000\050\000W\000h\000o\000o\000p\000-\000s\000t\000y\000l\000e\000\040\000C\000S\000V\000\051}{part.2}% 26
\BOOKMARK [2][-]{subsection.9.1}{\376\377\000S\000k\000e\000t\000c\000h\000\040\0001\000:\000\040\000s\000k\000e\000t\000c\000h\0001\000.\000j\000p\000e\000g}{section.9}% 27
\BOOKMARK [2][-]{subsection.9.2}{\376\377\000M\000o\000b\000i\000l\000e\000\040\000d\000a\000s\000h\000b\000o\000a\000r\000d\000\040\000l\000a\000y\000o\000u\000t\000\040\000\050\000f\000o\000u\000r\000\040\000c\000a\000r\000d\000s\000\051}{section.9}% 28
\BOOKMARK [2][-]{subsection.9.3}{\376\377\000G\000e\000s\000t\000a\000l\000t\000\040\000p\000r\000i\000n\000c\000i\000p\000l\000e\000s\000\040\000\050\000h\000o\000w\000\040\000t\000h\000e\000\040\000s\000k\000e\000t\000c\000h\000\040\000u\000s\000e\000s\000\040\000t\000h\000e\000m\000\051}{section.9}% 29
\BOOKMARK [2][-]{subsection.9.4}{\376\377\000B\000e\000r\000t\000i\000n\000'\000s\000\040\000v\000i\000s\000u\000a\000l\000\040\000v\000a\000r\000i\000a\000b\000l\000e\000s\000\040\000\050\000S\000e\000m\000i\000o\000l\000o\000g\000y\000\040\000o\000f\000\040\000G\000r\000a\000p\000h\000i\000c\000s\000\051}{section.9}% 30
\BOOKMARK [2][-]{subsection.9.5}{\376\377\000D\000a\000t\000a\000\040\000m\000a\000p\000p\000i\000n\000g\000\040\000s\000u\000m\000m\000a\000r\000y\000\040\000\050\000w\000h\000a\000t\000\040\000e\000n\000c\000o\000d\000e\000s\000\040\000w\000h\000a\000t\000\051}{section.9}% 31
\BOOKMARK [2][-]{subsection.9.6}{\376\377\000S\000k\000e\000t\000c\000h\000\040\0002\000:\000\040\000D\000a\000r\000k\000\040\000t\000h\000e\000m\000e\000\040\000\046\000\040\000a\000d\000v\000a\000n\000c\000e\000d\000\040\000m\000e\000t\000r\000i\000c\000s\000\040\000\050\000s\000k\000e\000t\000c\000h\0002\000.\000j\000p\000e\000g\000\051}{section.9}% 32
